<?xml version="1.0" encoding="UTF-8"?>
<!-- Generated by org.testng.reporters.JUnitReportReporter -->
<testsuite skipped="0" hostname="LP-5CD6518TWJ" name="com.main.test.LoginTest" tests="1" failures="0" timestamp="01 Feb 2021 06:11:09 GMT" time="19.216" errors="0">
  <testcase name="loginTest" time="19.216" classname="com.main.test.LoginTest"/>
</testsuite> <!-- com.main.test.LoginTest -->
