<?xml version="1.0" encoding="UTF-8"?>
<!-- Generated by org.testng.reporters.JUnitReportReporter -->
<testsuite skipped="0" hostname="LP-5CD6518TWJ" name="com.main.test.SignUpTest" tests="1" failures="0" timestamp="2021-01-25T17:27:13 IST" time="4.565" errors="0">
  <testcase name="registerTest" time="4.565" classname="com.main.test.SignUpTest"/>
  <system-out/>
</testsuite> <!-- com.main.test.SignUpTest -->
