<?xml version="1.0" encoding="UTF-8"?>
<!-- Generated by org.testng.reporters.JUnitReportReporter -->
<testsuite skipped="0" hostname="LP-5CD6518TWJ" name="com.main.test.SignUpTest" tests="1" failures="0" timestamp="03 Feb 2021 12:15:51 GMT" time="15.849" errors="0">
  <testcase name="registerTest" time="15.849" classname="com.main.test.SignUpTest"/>
</testsuite> <!-- com.main.test.SignUpTest -->
