<?xml version="1.0" encoding="UTF-8"?>
<!-- Generated by org.testng.reporters.JUnitReportReporter -->
<testsuite skipped="0" hostname="LP-5CD6518TWJ" name="com.main.test.Click_Image_Profile_Assert" tests="2" failures="0" timestamp="01 Feb 2021 12:22:05 GMT" time="78.116" errors="0">
  <testcase name="navigatetoScoll" time="25.903" classname="com.main.test.Click_Image_Profile_Assert"/>
  <testcase name="clickTest" time="52.213" classname="com.main.test.Click_Image_Profile_Assert"/>
</testsuite> <!-- com.main.test.Click_Image_Profile_Assert -->
