<?xml version="1.0" encoding="UTF-8"?>
<!-- Generated by org.testng.reporters.JUnitReportReporter -->
<testsuite skipped="0" hostname="LP-5CD6518TWJ" name="com.main.test.SignUpTest" tests="1" failures="0" timestamp="01 Feb 2021 12:24:04 GMT" time="12.520" errors="0">
  <testcase name="registerTest" time="12.520" classname="com.main.test.SignUpTest"/>
</testsuite> <!-- com.main.test.SignUpTest -->
