<?xml version="1.0" encoding="UTF-8"?>
<!-- Generated by org.testng.reporters.JUnitReportReporter -->
<testsuite skipped="0" hostname="LP-5CD6518TWJ" name="com.main.test.ProfileAssertion" tests="1" failures="0" timestamp="31 Jan 2021 14:16:15 GMT" time="23.523" errors="0">
  <testcase name="navigatetoScoll" time="23.523" classname="com.main.test.ProfileAssertion"/>
</testsuite> <!-- com.main.test.ProfileAssertion -->
