<?xml version="1.0" encoding="UTF-8"?>
<!-- Generated by org.testng.reporters.JUnitReportReporter -->
<testsuite skipped="1" hostname="LP-5CD6518TWJ" name="com.main.test.Click_Image_Profile_Assert" tests="2" failures="0" timestamp="05 Feb 2021 11:01:09 GMT" time="81.732" errors="0">
  <testcase name="clickTest" time="81.732" classname="com.main.test.Click_Image_Profile_Assert"/>
  <testcase name="navigatetoScoll" classname="com.main.test.Click_Image_Profile_Assert">
    <skipped/>
  </testcase> <!-- navigatetoScoll -->
</testsuite> <!-- com.main.test.Click_Image_Profile_Assert -->
